

Started GET "/" for ::1 at 2016-08-25 20:45:36 -0700

Mysql2::Error (Can't connect to local MySQL server through socket '/tmp/mysql.sock' (2)):
  mysql2 (0.3.21) lib/mysql2/client.rb:70:in `connect'
  mysql2 (0.3.21) lib/mysql2/client.rb:70:in `initialize'
  activerecord (4.2.5) lib/active_record/connection_adapters/mysql2_adapter.rb:18:in `new'
  activerecord (4.2.5) lib/active_record/connection_adapters/mysql2_adapter.rb:18:in `mysql2_connection'
  activerecord (4.2.5) lib/active_record/connection_adapters/abstract/connection_pool.rb:438:in `new_connection'
  activerecord (4.2.5) lib/active_record/connection_adapters/abstract/connection_pool.rb:448:in `checkout_new_connection'
  activerecord (4.2.5) lib/active_record/connection_adapters/abstract/connection_pool.rb:422:in `acquire_connection'
  activerecord (4.2.5) lib/active_record/connection_adapters/abstract/connection_pool.rb:349:in `block in checkout'
  /Users/NinaPig/.rvm/rubies/ruby-2.2.0/lib/ruby/2.2.0/monitor.rb:211:in `mon_synchronize'
  activerecord (4.2.5) lib/active_record/connection_adapters/abstract/connection_pool.rb:348:in `checkout'
  activerecord (4.2.5) lib/active_record/connection_adapters/abstract/connection_pool.rb:263:in `block in connection'
  /Users/NinaPig/.rvm/rubies/ruby-2.2.0/lib/ruby/2.2.0/monitor.rb:211:in `mon_synchronize'
  activerecord (4.2.5) lib/active_record/connection_adapters/abstract/connection_pool.rb:262:in `connection'
  activerecord (4.2.5) lib/active_record/connection_adapters/abstract/connection_pool.rb:571:in `retrieve_connection'
  activerecord (4.2.5) lib/active_record/connection_handling.rb:113:in `retrieve_connection'
  activerecord (4.2.5) lib/active_record/connection_handling.rb:87:in `connection'
  activerecord (4.2.5) lib/active_record/migration.rb:383:in `connection'
  activerecord (4.2.5) lib/active_record/migration.rb:370:in `call'
  actionpack (4.2.5) lib/action_dispatch/middleware/callbacks.rb:29:in `block in call'
  activesupport (4.2.5) lib/active_support/callbacks.rb:88:in `__run_callbacks__'
  activesupport (4.2.5) lib/active_support/callbacks.rb:778:in `_run_call_callbacks'
  activesupport (4.2.5) lib/active_support/callbacks.rb:81:in `run_callbacks'
  actionpack (4.2.5) lib/action_dispatch/middleware/callbacks.rb:27:in `call'
  actionpack (4.2.5) lib/action_dispatch/middleware/reloader.rb:73:in `call'
  actionpack (4.2.5) lib/action_dispatch/middleware/remote_ip.rb:78:in `call'
  actionpack (4.2.5) lib/action_dispatch/middleware/debug_exceptions.rb:17:in `call'
  actionpack (4.2.5) lib/action_dispatch/middleware/show_exceptions.rb:30:in `call'
  railties (4.2.5) lib/rails/rack/logger.rb:38:in `call_app'
  railties (4.2.5) lib/rails/rack/logger.rb:20:in `block in call'
  activesupport (4.2.5) lib/active_support/tagged_logging.rb:68:in `block in tagged'
  activesupport (4.2.5) lib/active_support/tagged_logging.rb:26:in `tagged'
  activesupport (4.2.5) lib/active_support/tagged_logging.rb:68:in `tagged'
  railties (4.2.5) lib/rails/rack/logger.rb:20:in `call'
  actionpack (4.2.5) lib/action_dispatch/middleware/request_id.rb:21:in `call'
  rack (1.6.4) lib/rack/methodoverride.rb:22:in `call'
  rack (1.6.4) lib/rack/runtime.rb:18:in `call'
  activesupport (4.2.5) lib/active_support/cache/strategy/local_cache_middleware.rb:28:in `call'
  rack (1.6.4) lib/rack/lock.rb:17:in `call'
  actionpack (4.2.5) lib/action_dispatch/middleware/static.rb:116:in `call'
  rack (1.6.4) lib/rack/sendfile.rb:113:in `call'
  railties (4.2.5) lib/rails/engine.rb:518:in `call'
  railties (4.2.5) lib/rails/application.rb:165:in `call'
  rack (1.6.4) lib/rack/content_length.rb:15:in `call'
  thin (1.7.0) lib/thin/connection.rb:86:in `block in pre_process'
  thin (1.7.0) lib/thin/connection.rb:84:in `catch'
  thin (1.7.0) lib/thin/connection.rb:84:in `pre_process'
  thin (1.7.0) lib/thin/connection.rb:53:in `process'
  thin (1.7.0) lib/thin/connection.rb:39:in `receive_data'
  eventmachine (1.2.0.1) lib/eventmachine.rb:194:in `run_machine'
  eventmachine (1.2.0.1) lib/eventmachine.rb:194:in `run'
  thin (1.7.0) lib/thin/backends/base.rb:73:in `start'
  thin (1.7.0) lib/thin/server.rb:162:in `start'
  rack (1.6.4) lib/rack/handler/thin.rb:19:in `run'
  rack (1.6.4) lib/rack/server.rb:286:in `start'
  railties (4.2.5) lib/rails/commands/server.rb:80:in `start'
  railties (4.2.5) lib/rails/commands/commands_tasks.rb:80:in `block in server'
  railties (4.2.5) lib/rails/commands/commands_tasks.rb:75:in `tap'
  railties (4.2.5) lib/rails/commands/commands_tasks.rb:75:in `server'
  railties (4.2.5) lib/rails/commands/commands_tasks.rb:39:in `run_command!'
  railties (4.2.5) lib/rails/commands.rb:17:in `<top (required)>'
  bin/rails:9:in `require'
  bin/rails:9:in `<main>'


  Rendered /Users/NinaPig/.rvm/gems/ruby-2.2.0/gems/actionpack-4.2.5/lib/action_dispatch/middleware/templates/rescues/_source.erb (4.4ms)
  Rendered /Users/NinaPig/.rvm/gems/ruby-2.2.0/gems/actionpack-4.2.5/lib/action_dispatch/middleware/templates/rescues/_trace.html.erb (2.3ms)
  Rendered /Users/NinaPig/.rvm/gems/ruby-2.2.0/gems/actionpack-4.2.5/lib/action_dispatch/middleware/templates/rescues/_request_and_response.html.erb (2.0ms)
  Rendered /Users/NinaPig/.rvm/gems/ruby-2.2.0/gems/actionpack-4.2.5/lib/action_dispatch/middleware/templates/rescues/diagnostics.html.erb within rescues/layout (69.4ms)


Started GET "/apple-touch-icon-precomposed.png" for ::1 at 2016-08-25 20:45:37 -0700

Mysql2::Error (Can't connect to local MySQL server through socket '/tmp/mysql.sock' (2)):
  mysql2 (0.3.21) lib/mysql2/client.rb:70:in `connect'
  mysql2 (0.3.21) lib/mysql2/client.rb:70:in `initialize'
  activerecord (4.2.5) lib/active_record/connection_adapters/mysql2_adapter.rb:18:in `new'
  activerecord (4.2.5) lib/active_record/connection_adapters/mysql2_adapter.rb:18:in `mysql2_connection'
  activerecord (4.2.5) lib/active_record/connection_adapters/abstract/connection_pool.rb:438:in `new_connection'
  activerecord (4.2.5) lib/active_record/connection_adapters/abstract/connection_pool.rb:448:in `checkout_new_connection'
  activerecord (4.2.5) lib/active_record/connection_adapters/abstract/connection_pool.rb:422:in `acquire_connection'
  activerecord (4.2.5) lib/active_record/connection_adapters/abstract/connection_pool.rb:349:in `block in checkout'
  /Users/NinaPig/.rvm/rubies/ruby-2.2.0/lib/ruby/2.2.0/monitor.rb:211:in `mon_synchronize'
  activerecord (4.2.5) lib/active_record/connection_adapters/abstract/connection_pool.rb:348:in `checkout'
  activerecord (4.2.5) lib/active_record/connection_adapters/abstract/connection_pool.rb:263:in `block in connection'
  /Users/NinaPig/.rvm/rubies/ruby-2.2.0/lib/ruby/2.2.0/monitor.rb:211:in `mon_synchronize'
  activerecord (4.2.5) lib/active_record/connection_adapters/abstract/connection_pool.rb:262:in `connection'
  activerecord (4.2.5) lib/active_record/connection_adapters/abstract/connection_pool.rb:571:in `retrieve_connection'
  activerecord (4.2.5) lib/active_record/connection_handling.rb:113:in `retrieve_connection'
  activerecord (4.2.5) lib/active_record/connection_handling.rb:87:in `connection'
  activerecord (4.2.5) lib/active_record/migration.rb:383:in `connection'
  activerecord (4.2.5) lib/active_record/migration.rb:370:in `call'
  actionpack (4.2.5) lib/action_dispatch/middleware/callbacks.rb:29:in `block in call'
  activesupport (4.2.5) lib/active_support/callbacks.rb:88:in `__run_callbacks__'
  activesupport (4.2.5) lib/active_support/callbacks.rb:778:in `_run_call_callbacks'
  activesupport (4.2.5) lib/active_support/callbacks.rb:81:in `run_callbacks'
  actionpack (4.2.5) lib/action_dispatch/middleware/callbacks.rb:27:in `call'
  actionpack (4.2.5) lib/action_dispatch/middleware/reloader.rb:73:in `call'
  actionpack (4.2.5) lib/action_dispatch/middleware/remote_ip.rb:78:in `call'
  actionpack (4.2.5) lib/action_dispatch/middleware/debug_exceptions.rb:17:in `call'
  actionpack (4.2.5) lib/action_dispatch/middleware/show_exceptions.rb:30:in `call'
  railties (4.2.5) lib/rails/rack/logger.rb:38:in `call_app'
  railties (4.2.5) lib/rails/rack/logger.rb:20:in `block in call'
  activesupport (4.2.5) lib/active_support/tagged_logging.rb:68:in `block in tagged'
  activesupport (4.2.5) lib/active_support/tagged_logging.rb:26:in `tagged'
  activesupport (4.2.5) lib/active_support/tagged_logging.rb:68:in `tagged'
  railties (4.2.5) lib/rails/rack/logger.rb:20:in `call'
  actionpack (4.2.5) lib/action_dispatch/middleware/request_id.rb:21:in `call'
  rack (1.6.4) lib/rack/methodoverride.rb:22:in `call'
  rack (1.6.4) lib/rack/runtime.rb:18:in `call'
  activesupport (4.2.5) lib/active_support/cache/strategy/local_cache_middleware.rb:28:in `call'
  rack (1.6.4) lib/rack/lock.rb:17:in `call'
  actionpack (4.2.5) lib/action_dispatch/middleware/static.rb:116:in `call'
  rack (1.6.4) lib/rack/sendfile.rb:113:in `call'
  railties (4.2.5) lib/rails/engine.rb:518:in `call'
  railties (4.2.5) lib/rails/application.rb:165:in `call'
  rack (1.6.4) lib/rack/content_length.rb:15:in `call'
  thin (1.7.0) lib/thin/connection.rb:86:in `block in pre_process'
  thin (1.7.0) lib/thin/connection.rb:84:in `catch'
  thin (1.7.0) lib/thin/connection.rb:84:in `pre_process'
  thin (1.7.0) lib/thin/connection.rb:53:in `process'
  thin (1.7.0) lib/thin/connection.rb:39:in `receive_data'
  eventmachine (1.2.0.1) lib/eventmachine.rb:194:in `run_machine'
  eventmachine (1.2.0.1) lib/eventmachine.rb:194:in `run'
  thin (1.7.0) lib/thin/backends/base.rb:73:in `start'
  thin (1.7.0) lib/thin/server.rb:162:in `start'
  rack (1.6.4) lib/rack/handler/thin.rb:19:in `run'
  rack (1.6.4) lib/rack/server.rb:286:in `start'
  railties (4.2.5) lib/rails/commands/server.rb:80:in `start'
  railties (4.2.5) lib/rails/commands/commands_tasks.rb:80:in `block in server'
  railties (4.2.5) lib/rails/commands/commands_tasks.rb:75:in `tap'
  railties (4.2.5) lib/rails/commands/commands_tasks.rb:75:in `server'
  railties (4.2.5) lib/rails/commands/commands_tasks.rb:39:in `run_command!'
  railties (4.2.5) lib/rails/commands.rb:17:in `<top (required)>'
  bin/rails:9:in `require'
  bin/rails:9:in `<main>'


  Rendered /Users/NinaPig/.rvm/gems/ruby-2.2.0/gems/actionpack-4.2.5/lib/action_dispatch/middleware/templates/rescues/_source.erb (19.1ms)
  Rendered /Users/NinaPig/.rvm/gems/ruby-2.2.0/gems/actionpack-4.2.5/lib/action_dispatch/middleware/templates/rescues/_trace.html.erb (11.9ms)
  Rendered /Users/NinaPig/.rvm/gems/ruby-2.2.0/gems/actionpack-4.2.5/lib/action_dispatch/middleware/templates/rescues/_request_and_response.html.erb (8.8ms)
  Rendered /Users/NinaPig/.rvm/gems/ruby-2.2.0/gems/actionpack-4.2.5/lib/action_dispatch/middleware/templates/rescues/diagnostics.html.erb within rescues/layout (148.6ms)


Started GET "/apple-touch-icon.png" for ::1 at 2016-08-25 20:45:37 -0700

Mysql2::Error (Can't connect to local MySQL server through socket '/tmp/mysql.sock' (2)):
  mysql2 (0.3.21) lib/mysql2/client.rb:70:in `connect'
  mysql2 (0.3.21) lib/mysql2/client.rb:70:in `initialize'
  activerecord (4.2.5) lib/active_record/connection_adapters/mysql2_adapter.rb:18:in `new'
  activerecord (4.2.5) lib/active_record/connection_adapters/mysql2_adapter.rb:18:in `mysql2_connection'
  activerecord (4.2.5) lib/active_record/connection_adapters/abstract/connection_pool.rb:438:in `new_connection'
  activerecord (4.2.5) lib/active_record/connection_adapters/abstract/connection_pool.rb:448:in `checkout_new_connection'
  activerecord (4.2.5) lib/active_record/connection_adapters/abstract/connection_pool.rb:422:in `acquire_connection'
  activerecord (4.2.5) lib/active_record/connection_adapters/abstract/connection_pool.rb:349:in `block in checkout'
  /Users/NinaPig/.rvm/rubies/ruby-2.2.0/lib/ruby/2.2.0/monitor.rb:211:in `mon_synchronize'
  activerecord (4.2.5) lib/active_record/connection_adapters/abstract/connection_pool.rb:348:in `checkout'
  activerecord (4.2.5) lib/active_record/connection_adapters/abstract/connection_pool.rb:263:in `block in connection'
  /Users/NinaPig/.rvm/rubies/ruby-2.2.0/lib/ruby/2.2.0/monitor.rb:211:in `mon_synchronize'
  activerecord (4.2.5) lib/active_record/connection_adapters/abstract/connection_pool.rb:262:in `connection'
  activerecord (4.2.5) lib/active_record/connection_adapters/abstract/connection_pool.rb:571:in `retrieve_connection'
  activerecord (4.2.5) lib/active_record/connection_handling.rb:113:in `retrieve_connection'
  activerecord (4.2.5) lib/active_record/connection_handling.rb:87:in `connection'
  activerecord (4.2.5) lib/active_record/migration.rb:383:in `connection'
  activerecord (4.2.5) lib/active_record/migration.rb:370:in `call'
  actionpack (4.2.5) lib/action_dispatch/middleware/callbacks.rb:29:in `block in call'
  activesupport (4.2.5) lib/active_support/callbacks.rb:88:in `__run_callbacks__'
  activesupport (4.2.5) lib/active_support/callbacks.rb:778:in `_run_call_callbacks'
  activesupport (4.2.5) lib/active_support/callbacks.rb:81:in `run_callbacks'
  actionpack (4.2.5) lib/action_dispatch/middleware/callbacks.rb:27:in `call'
  actionpack (4.2.5) lib/action_dispatch/middleware/reloader.rb:73:in `call'
  actionpack (4.2.5) lib/action_dispatch/middleware/remote_ip.rb:78:in `call'
  actionpack (4.2.5) lib/action_dispatch/middleware/debug_exceptions.rb:17:in `call'
  actionpack (4.2.5) lib/action_dispatch/middleware/show_exceptions.rb:30:in `call'
  railties (4.2.5) lib/rails/rack/logger.rb:38:in `call_app'
  railties (4.2.5) lib/rails/rack/logger.rb:20:in `block in call'
  activesupport (4.2.5) lib/active_support/tagged_logging.rb:68:in `block in tagged'
  activesupport (4.2.5) lib/active_support/tagged_logging.rb:26:in `tagged'
  activesupport (4.2.5) lib/active_support/tagged_logging.rb:68:in `tagged'
  railties (4.2.5) lib/rails/rack/logger.rb:20:in `call'
  actionpack (4.2.5) lib/action_dispatch/middleware/request_id.rb:21:in `call'
  rack (1.6.4) lib/rack/methodoverride.rb:22:in `call'
  rack (1.6.4) lib/rack/runtime.rb:18:in `call'
  activesupport (4.2.5) lib/active_support/cache/strategy/local_cache_middleware.rb:28:in `call'
  rack (1.6.4) lib/rack/lock.rb:17:in `call'
  actionpack (4.2.5) lib/action_dispatch/middleware/static.rb:116:in `call'
  rack (1.6.4) lib/rack/sendfile.rb:113:in `call'
  railties (4.2.5) lib/rails/engine.rb:518:in `call'
  railties (4.2.5) lib/rails/application.rb:165:in `call'
  rack (1.6.4) lib/rack/content_length.rb:15:in `call'
  thin (1.7.0) lib/thin/connection.rb:86:in `block in pre_process'
  thin (1.7.0) lib/thin/connection.rb:84:in `catch'
  thin (1.7.0) lib/thin/connection.rb:84:in `pre_process'
  thin (1.7.0) lib/thin/connection.rb:53:in `process'
  thin (1.7.0) lib/thin/connection.rb:39:in `receive_data'
  eventmachine (1.2.0.1) lib/eventmachine.rb:194:in `run_machine'
  eventmachine (1.2.0.1) lib/eventmachine.rb:194:in `run'
  thin (1.7.0) lib/thin/backends/base.rb:73:in `start'
  thin (1.7.0) lib/thin/server.rb:162:in `start'
  rack (1.6.4) lib/rack/handler/thin.rb:19:in `run'
  rack (1.6.4) lib/rack/server.rb:286:in `start'
  railties (4.2.5) lib/rails/commands/server.rb:80:in `start'
  railties (4.2.5) lib/rails/commands/commands_tasks.rb:80:in `block in server'
  railties (4.2.5) lib/rails/commands/commands_tasks.rb:75:in `tap'
  railties (4.2.5) lib/rails/commands/commands_tasks.rb:75:in `server'
  railties (4.2.5) lib/rails/commands/commands_tasks.rb:39:in `run_command!'
  railties (4.2.5) lib/rails/commands.rb:17:in `<top (required)>'
  bin/rails:9:in `require'
  bin/rails:9:in `<main>'


  Rendered /Users/NinaPig/.rvm/gems/ruby-2.2.0/gems/actionpack-4.2.5/lib/action_dispatch/middleware/templates/rescues/_source.erb (4.5ms)
  Rendered /Users/NinaPig/.rvm/gems/ruby-2.2.0/gems/actionpack-4.2.5/lib/action_dispatch/middleware/templates/rescues/_trace.html.erb (2.5ms)
  Rendered /Users/NinaPig/.rvm/gems/ruby-2.2.0/gems/actionpack-4.2.5/lib/action_dispatch/middleware/templates/rescues/_request_and_response.html.erb (1.0ms)
  Rendered /Users/NinaPig/.rvm/gems/ruby-2.2.0/gems/actionpack-4.2.5/lib/action_dispatch/middleware/templates/rescues/diagnostics.html.erb within rescues/layout (68.4ms)


Started GET "/" for ::1 at 2016-08-25 20:47:08 -0700
Processing by Rails::WelcomeController#index as HTML
  Rendered /Users/NinaPig/.rvm/gems/ruby-2.2.0/gems/railties-4.2.5/lib/rails/templates/rails/welcome/index.html.erb (2.5ms)
Completed 200 OK in 31ms (Views: 17.5ms | ActiveRecord: 0.0ms)


Started GET "/" for ::1 at 2016-08-25 20:58:48 -0700
Processing by HomeController#index as HTML
  Rendered home/index.html.erb within layouts/application (3.6ms)
Completed 200 OK in 327ms (Views: 311.6ms | ActiveRecord: 0.0ms)


Started GET "/assets/home-2be930bcbfd3c3e00190e2193dda5c7c.css?body=1" for ::1 at 2016-08-25 20:58:48 -0700


Started GET "/assets/jquery-4075e3b7b3964707c653f61b66f46dec.js?body=1" for ::1 at 2016-08-25 20:58:48 -0700


Started GET "/assets/application-d1a275ef14480a2e8dbf7788b244d24c.css?body=1" for ::1 at 2016-08-25 20:58:48 -0700


Started GET "/assets/turbolinks-ec43e9d221200f76649ada6a93a32e1b.js?body=1" for ::1 at 2016-08-25 20:58:48 -0700


Started GET "/assets/jquery_ujs-f9f4ae336c0d19804775e0e2c8749423.js?body=1" for ::1 at 2016-08-25 20:58:48 -0700


Started GET "/assets/home-0bc27e2168727cafa1252f703137df60.js?body=1" for ::1 at 2016-08-25 20:58:48 -0700


Started GET "/assets/application-156f7412c09c382531d6386591b12236.js?body=1" for ::1 at 2016-08-25 20:58:48 -0700


Started GET "/" for ::1 at 2016-08-25 21:14:32 -0700
Processing by HomeController#index as HTML
  Rendered home/index.html.erb within layouts/application (0.1ms)
Completed 200 OK in 92ms (Views: 91.2ms | ActiveRecord: 0.0ms)


Started GET "/" for ::1 at 2016-08-25 21:14:37 -0700
Processing by HomeController#index as HTML
  Rendered home/index.html.erb within layouts/application (0.0ms)
Completed 200 OK in 114ms (Views: 113.5ms | ActiveRecord: 0.0ms)


Started GET "/assets/home-2be930bcbfd3c3e00190e2193dda5c7c.css?body=1" for ::1 at 2016-08-25 21:14:37 -0700


Started GET "/assets/jquery_ujs-f9f4ae336c0d19804775e0e2c8749423.js?body=1" for ::1 at 2016-08-25 21:14:38 -0700


Started GET "/assets/jquery-4075e3b7b3964707c653f61b66f46dec.js?body=1" for ::1 at 2016-08-25 21:14:38 -0700


Started GET "/assets/application-d1a275ef14480a2e8dbf7788b244d24c.css?body=1" for ::1 at 2016-08-25 21:14:38 -0700


Started GET "/assets/turbolinks-ec43e9d221200f76649ada6a93a32e1b.js?body=1" for ::1 at 2016-08-25 21:14:38 -0700


Started GET "/assets/home-0bc27e2168727cafa1252f703137df60.js?body=1" for ::1 at 2016-08-25 21:14:38 -0700


Started GET "/assets/application-156f7412c09c382531d6386591b12236.js?body=1" for ::1 at 2016-08-25 21:14:38 -0700
